<?xml version="1.0" encoding="UTF-8"?>
<!-- Generated by org.testng.reporters.JUnitReportReporter -->
<testsuite hostname="Abdelrahman" failures="0" tests="3" name="Tests.Scenario1" time="37.925" errors="0" timestamp="23 Oct 2022 18:50:33 GMT" skipped="0">
  <testcase classname="Tests.Scenario1" name="select_popular_rout" time="6.860"/>
  <testcase classname="Tests.Scenario1" name="select_seats" time="23.501"/>
  <testcase classname="Tests.Scenario1" name="complete_data" time="7.564"/>
</testsuite> <!-- Tests.Scenario1 -->
